mode: set
github.com/captainlee1024/learngo/container/maps/maps.go:6.47,10.31 4 1
github.com/captainlee1024/learngo/container/maps/maps.go:19.2,19.18 1 1
github.com/captainlee1024/learngo/container/maps/maps.go:10.31,11.58 1 1
github.com/captainlee1024/learngo/container/maps/maps.go:14.3,14.30 1 1
github.com/captainlee1024/learngo/container/maps/maps.go:17.3,17.23 1 1
github.com/captainlee1024/learngo/container/maps/maps.go:11.58,13.4 1 1
github.com/captainlee1024/learngo/container/maps/maps.go:14.30,16.4 1 1
github.com/captainlee1024/learngo/container/maps/maps.go:22.13,36.22 7 0
github.com/captainlee1024/learngo/container/maps/maps.go:40.2,46.31 5 0
github.com/captainlee1024/learngo/container/maps/maps.go:52.2,61.3 4 0
github.com/captainlee1024/learngo/container/maps/maps.go:36.22,38.3 1 0
github.com/captainlee1024/learngo/container/maps/maps.go:46.31,48.3 1 0
github.com/captainlee1024/learngo/container/maps/maps.go:48.8,50.3 1 0
